2026-03-17T12:33:31.067578Z  INFO tailwindcss_oxide::scanner: Provided sources:
2026-03-17T12:33:31.067882Z  INFO tailwindcss_oxide::scanner: Source: PublicSourceEntry { base: "E:\\Academics\\EEvolve\\E_Evolve\\platform", pattern: "**/*", negated: false }
2026-03-17T12:33:31.068408Z  INFO tailwindcss_oxide::scanner: Optimized sources:
2026-03-17T12:33:31.068439Z  INFO tailwindcss_oxide::scanner: Source: Auto { base: "E:\\Academics\\EEvolve\\E_Evolve\\platform" }
2026-03-17T12:33:31.071021Z  INFO discover_sources: tailwindcss_oxide::scanner: enter
2026-03-17T12:33:31.071078Z  INFO discover_sources:walk_synchronous: tailwindcss_oxide::scanner: enter
2026-03-17T12:33:31.079375Z  INFO discover_sources:walk_synchronous: tailwindcss_oxide::scanner: exit
2026-03-17T12:33:31.081954Z  INFO tailwindcss_oxide::scanner: Reading "E:\\Academics\\EEvolve\\E_Evolve\\platform\\.env"
2026-03-17T12:33:31.081956Z  INFO tailwindcss_oxide::scanner: Reading "E:\\Academics\\EEvolve\\E_Evolve\\platform\\README.md"
2026-03-17T12:33:31.081955Z  INFO tailwindcss_oxide::scanner: Reading "E:\\Academics\\EEvolve\\E_Evolve\\platform\\postcss.config.mjs"
2026-03-17T12:33:31.082046Z  INFO tailwindcss_oxide::scanner: Reading "E:\\Academics\\EEvolve\\E_Evolve\\platform\\eslint.config.mjs"
2026-03-17T12:33:31.082075Z  INFO tailwindcss_oxide::scanner: Reading "E:\\Academics\\EEvolve\\E_Evolve\\platform\\src\\app\\dashboard\\producer\\page.js"
2026-03-17T12:33:31.082087Z  INFO tailwindcss_oxide::scanner: Reading "E:\\Academics\\EEvolve\\E_Evolve\\platform\\associate-token.js"
2026-03-17T12:33:31.082110Z  INFO tailwindcss_oxide::scanner: Reading "E:\\Academics\\EEvolve\\E_Evolve\\platform\\prisma\\migrations\\20260314061933_init\\migration.sql"
2026-03-17T12:33:31.082093Z  INFO tailwindcss_oxide::scanner: Reading "E:\\Academics\\EEvolve\\E_Evolve\\platform\\src\\app\\api\\hedera\\hcs\\route.js"
2026-03-17T12:33:31.082179Z  INFO tailwindcss_oxide::scanner: Reading "E:\\Academics\\EEvolve\\E_Evolve\\platform\\init-token.js"
2026-03-17T12:33:31.082180Z  INFO tailwindcss_oxide::scanner: Reading "E:\\Academics\\EEvolve\\E_Evolve\\platform\\audit-token.js"
2026-03-17T12:33:31.082208Z  INFO tailwindcss_oxide::scanner: Reading "E:\\Academics\\EEvolve\\E_Evolve\\platform\\prisma\\migrations\\20260314063332_update_schema\\migration.sql"
2026-03-17T12:33:31.082207Z  INFO tailwindcss_oxide::scanner: Reading "E:\\Academics\\EEvolve\\E_Evolve\\platform\\src\\app\\api\\logs\\collector\\route.js"
2026-03-17T12:33:31.082228Z  INFO tailwindcss_oxide::scanner: Reading "E:\\Academics\\EEvolve\\E_Evolve\\platform\\src\\app\\dashboard\\recycler\\page.js"
2026-03-17T12:33:31.082254Z  INFO tailwindcss_oxide::scanner: Reading "E:\\Academics\\EEvolve\\E_Evolve\\platform\\check-db.js"
2026-03-17T12:33:31.082261Z  INFO tailwindcss_oxide::scanner: Reading "E:\\Academics\\EEvolve\\E_Evolve\\platform\\src\\app\\api\\hedera\\hts\\route.js"
2026-03-17T12:33:31.082288Z  INFO tailwindcss_oxide::scanner: Reading "E:\\Academics\\EEvolve\\E_Evolve\\platform\\jsconfig.json"
2026-03-17T12:33:31.082285Z  INFO tailwindcss_oxide::scanner: Reading "E:\\Academics\\EEvolve\\E_Evolve\\platform\\src\\app\\api\\logs\\recycler\\route.js"
2026-03-17T12:33:31.082295Z  INFO tailwindcss_oxide::scanner: Reading "E:\\Academics\\EEvolve\\E_Evolve\\platform\\prisma\\migrations\\migration_lock.toml"
2026-03-17T12:33:31.082320Z  INFO tailwindcss_oxide::scanner: Reading "E:\\Academics\\EEvolve\\E_Evolve\\platform\\diagnose_output.txt"
2026-03-17T12:33:31.082343Z  INFO tailwindcss_oxide::scanner: Reading "E:\\Academics\\EEvolve\\E_Evolve\\platform\\src\\app\\layout.js"
2026-03-17T12:33:31.082348Z  INFO tailwindcss_oxide::scanner: Reading "E:\\Academics\\EEvolve\\E_Evolve\\platform\\src\\app\\api\\hedera\\status\\route.js"
2026-03-17T12:33:31.082366Z  INFO tailwindcss_oxide::scanner: Reading "E:\\Academics\\EEvolve\\E_Evolve\\platform\\src\\app\\api\\logs\\request\\route.js"
2026-03-17T12:33:31.082385Z  INFO tailwindcss_oxide::scanner: Reading "E:\\Academics\\EEvolve\\E_Evolve\\platform\\prisma\\schema.prisma"
2026-03-17T12:33:31.082389Z  INFO tailwindcss_oxide::scanner: Reading "E:\\Academics\\EEvolve\\E_Evolve\\platform\\src\\app\\api\\recyclers\\route.js"
2026-03-17T12:33:31.082425Z  INFO tailwindcss_oxide::scanner: Reading "E:\\Academics\\EEvolve\\E_Evolve\\platform\\src\\app\\api\\logs\\accept\\route.js"
2026-03-17T12:33:31.082464Z  INFO tailwindcss_oxide::scanner: Reading "E:\\Academics\\EEvolve\\E_Evolve\\platform\\prisma\\seed.js"
2026-03-17T12:33:31.082475Z  INFO tailwindcss_oxide::scanner: Reading "E:\\Academics\\EEvolve\\E_Evolve\\platform\\src\\app\\page.js"
2026-03-17T12:33:31.082518Z  INFO tailwindcss_oxide::scanner: Reading "E:\\Academics\\EEvolve\\E_Evolve\\platform\\src\\lib\\hedera.js"
2026-03-17T12:33:31.082531Z  INFO tailwindcss_oxide::scanner: Reading "E:\\Academics\\EEvolve\\E_Evolve\\platform\\src\\app\\dashboard\\collector\\page.js"
2026-03-17T12:33:31.082533Z  INFO tailwindcss_oxide::scanner: Reading "E:\\Academics\\EEvolve\\E_Evolve\\platform\\public\\file.svg"
2026-03-17T12:33:31.082591Z  INFO tailwindcss_oxide::scanner: Reading "E:\\Academics\\EEvolve\\E_Evolve\\platform\\src\\lib\\prisma.js"
2026-03-17T12:33:31.082603Z  INFO tailwindcss_oxide::scanner: Reading "E:\\Academics\\EEvolve\\E_Evolve\\platform\\src\\app\\dashboard\\consumer\\page.js"
2026-03-17T12:33:31.082610Z  INFO tailwindcss_oxide::scanner: Reading "E:\\Academics\\EEvolve\\E_Evolve\\platform\\src\\components\\Navigation.js"
2026-03-17T12:33:31.082618Z  INFO tailwindcss_oxide::scanner: Reading "E:\\Academics\\EEvolve\\E_Evolve\\platform\\public\\globe.svg"
2026-03-17T12:33:31.082653Z  INFO tailwindcss_oxide::scanner: Reading "E:\\Academics\\EEvolve\\E_Evolve\\platform\\package.json"
2026-03-17T12:33:31.082656Z  INFO tailwindcss_oxide::scanner: Reading "E:\\Academics\\EEvolve\\E_Evolve\\platform\\src\\lib\\utils.js"
2026-03-17T12:33:31.082667Z  INFO tailwindcss_oxide::scanner: Reading "E:\\Academics\\EEvolve\\E_Evolve\\platform\\test-hcs.js"
2026-03-17T12:33:31.082698Z  INFO tailwindcss_oxide::scanner: Reading "E:\\Academics\\EEvolve\\E_Evolve\\platform\\public\\next.svg"
2026-03-17T12:33:31.082731Z  INFO tailwindcss_oxide::scanner: Reading "E:\\Academics\\EEvolve\\E_Evolve\\platform\\public\\vercel.svg"
2026-03-17T12:33:31.082735Z  INFO tailwindcss_oxide::scanner: Reading "E:\\Academics\\EEvolve\\E_Evolve\\platform\\src\\lib\\hedera-bridge.js"
2026-03-17T12:33:31.082743Z  INFO tailwindcss_oxide::scanner: Reading "E:\\Academics\\EEvolve\\E_Evolve\\platform\\public\\window.svg"
2026-03-17T12:33:31.082752Z  INFO tailwindcss_oxide::scanner: Reading "E:\\Academics\\EEvolve\\E_Evolve\\platform\\test-hts.js"
2026-03-17T12:33:31.082436Z  INFO tailwindcss_oxide::scanner: Reading "E:\\Academics\\EEvolve\\E_Evolve\\platform\\next.config.mjs"
2026-03-17T12:33:31.082780Z  INFO tailwindcss_oxide::scanner: Reading "E:\\Academics\\EEvolve\\E_Evolve\\platform\\test-output.txt"
2026-03-17T12:33:31.082419Z  INFO tailwindcss_oxide::scanner: Reading "E:\\Academics\\EEvolve\\E_Evolve\\platform\\log-sync-result.json"
2026-03-17T12:33:31.082886Z  INFO discover_sources: tailwindcss_oxide::scanner: exit
2026-03-17T12:33:31.082923Z  INFO extract_candidates: tailwindcss_oxide::scanner: enter
2026-03-17T12:33:31.082931Z  INFO extract_candidates:parse_all_blobs: tailwindcss_oxide::scanner: enter
2026-03-17T12:33:31.082943Z  INFO extract_candidates:parse_all_blobs:extract: tailwindcss_oxide::scanner: enter
2026-03-17T12:33:31.085270Z  INFO extract_candidates:parse_all_blobs:extract: tailwindcss_oxide::scanner: exit
2026-03-17T12:33:31.085304Z  INFO extract_candidates:parse_all_blobs: tailwindcss_oxide::scanner: exit
2026-03-17T12:33:31.085317Z  INFO extract_candidates:read_all_files: tailwindcss_oxide::scanner: enter
2026-03-17T12:33:31.085325Z  INFO extract_candidates:read_all_files: tailwindcss_oxide::scanner: Reading 1 file(s)
2026-03-17T12:33:31.085456Z  INFO extract_candidates:read_all_files: tailwindcss_oxide::scanner: Reading "E:\\Academics\\EEvolve\\E_Evolve\\platform\\src\\app\\globals.css"
2026-03-17T12:33:31.085470Z  INFO extract_candidates:read_all_files: tailwindcss_oxide::scanner: exit
2026-03-17T12:33:31.085542Z  INFO extract_candidates:extract_css_variables: tailwindcss_oxide::scanner: enter
2026-03-17T12:33:31.085552Z  INFO extract_candidates:extract_css_variables:extract: tailwindcss_oxide::scanner: enter
2026-03-17T12:33:31.085730Z  INFO extract_candidates:extract_css_variables:extract: tailwindcss_oxide::scanner: exit
2026-03-17T12:33:31.085757Z  INFO extract_candidates:extract_css_variables: tailwindcss_oxide::scanner: exit
2026-03-17T12:33:31.086384Z  INFO extract_candidates: tailwindcss_oxide::scanner: exit
2026-03-17T12:33:31.086877Z  INFO get_files: tailwindcss_oxide::scanner: enter
2026-03-17T12:33:31.086886Z  INFO get_files:discover_sources: tailwindcss_oxide::scanner: enter
2026-03-17T12:33:31.086890Z  INFO get_files:discover_sources: tailwindcss_oxide::scanner: exit
2026-03-17T12:33:31.087049Z  INFO get_files: tailwindcss_oxide::scanner: exit
2026-03-17T12:33:31.087855Z  INFO get_globs: tailwindcss_oxide::scanner: enter
2026-03-17T12:33:31.087879Z  INFO get_globs:discover_sources: tailwindcss_oxide::scanner: enter
2026-03-17T12:33:31.087887Z  INFO get_globs:discover_sources: tailwindcss_oxide::scanner: exit
2026-03-17T12:33:31.094533Z  INFO get_globs: tailwindcss_oxide::scanner: exit
2026-03-17T12:36:19.836460Z  INFO discover_sources: tailwindcss_oxide::scanner: enter
2026-03-17T12:36:19.836518Z  INFO discover_sources:walk_parallel: tailwindcss_oxide::scanner: enter
2026-03-17T12:36:19.852028Z  INFO discover_sources:walk_parallel: tailwindcss_oxide::scanner: exit
2026-03-17T12:36:19.854845Z  INFO tailwindcss_oxide::scanner: Reading "E:\\Academics\\EEvolve\\E_Evolve\\platform\\prisma\\migrations\\20260314061933_init\\migration.sql"
2026-03-17T12:36:19.854916Z  INFO tailwindcss_oxide::scanner: Reading "E:\\Academics\\EEvolve\\E_Evolve\\platform\\src\\lib\\hedera.js"
2026-03-17T12:36:19.854943Z  INFO tailwindcss_oxide::scanner: Reading "E:\\Academics\\EEvolve\\E_Evolve\\platform\\src\\app\\api\\logs\\recycler\\route.js"
2026-03-17T12:36:19.854940Z  INFO tailwindcss_oxide::scanner: Reading "E:\\Academics\\EEvolve\\E_Evolve\\platform\\src\\app\\api\\logs\\collector\\route.js"
2026-03-17T12:36:19.854967Z  INFO tailwindcss_oxide::scanner: Reading "E:\\Academics\\EEvolve\\E_Evolve\\platform\\init-token.js"
2026-03-17T12:36:19.855019Z  INFO tailwindcss_oxide::scanner: Reading "E:\\Academics\\EEvolve\\E_Evolve\\platform\\next.config.mjs"
2026-03-17T12:36:19.855112Z  INFO tailwindcss_oxide::scanner: Reading "E:\\Academics\\EEvolve\\E_Evolve\\platform\\src\\app\\api\\hedera\\hcs\\route.js"
2026-03-17T12:36:19.855123Z  INFO tailwindcss_oxide::scanner: Reading "E:\\Academics\\EEvolve\\E_Evolve\\platform\\postcss.config.mjs"
2026-03-17T12:36:19.855124Z  INFO tailwindcss_oxide::scanner: Reading "E:\\Academics\\EEvolve\\E_Evolve\\platform\\README.md"
2026-03-17T12:36:19.855128Z  INFO tailwindcss_oxide::scanner: Reading "E:\\Academics\\EEvolve\\E_Evolve\\platform\\src\\lib\\hedera-bridge.js"
2026-03-17T12:36:19.855176Z  INFO tailwindcss_oxide::scanner: Reading "E:\\Academics\\EEvolve\\E_Evolve\\platform\\test-hcs.js"
2026-03-17T12:36:19.855182Z  INFO tailwindcss_oxide::scanner: Reading "E:\\Academics\\EEvolve\\E_Evolve\\platform\\src\\app\\api\\logs\\accept\\route.js"
2026-03-17T12:36:19.855244Z  INFO tailwindcss_oxide::scanner: Reading "E:\\Academics\\EEvolve\\E_Evolve\\platform\\src\\app\\dashboard\\recycler\\page.js"
2026-03-17T12:36:19.855254Z  INFO tailwindcss_oxide::scanner: Reading "E:\\Academics\\EEvolve\\E_Evolve\\platform\\public\\window.svg"
2026-03-17T12:36:19.855252Z  INFO tailwindcss_oxide::scanner: Reading "E:\\Academics\\EEvolve\\E_Evolve\\platform\\src\\lib\\utils.js"
2026-03-17T12:36:19.855279Z  INFO tailwindcss_oxide::scanner: Reading "E:\\Academics\\EEvolve\\E_Evolve\\platform\\public\\file.svg"
2026-03-17T12:36:19.855289Z  INFO tailwindcss_oxide::scanner: Reading "E:\\Academics\\EEvolve\\E_Evolve\\platform\\src\\app\\dashboard\\collector\\page.js"
2026-03-17T12:36:19.855362Z  INFO tailwindcss_oxide::scanner: Reading "E:\\Academics\\EEvolve\\E_Evolve\\platform\\public\\vercel.svg"
2026-03-17T12:36:19.855188Z  INFO tailwindcss_oxide::scanner: Reading "E:\\Academics\\EEvolve\\E_Evolve\\platform\\src\\app\\dashboard\\producer\\page.js"
2026-03-17T12:36:19.855427Z  INFO tailwindcss_oxide::scanner: Reading "E:\\Academics\\EEvolve\\E_Evolve\\platform\\public\\next.svg"
2026-03-17T12:36:19.855429Z  INFO tailwindcss_oxide::scanner: Reading "E:\\Academics\\EEvolve\\E_Evolve\\platform\\src\\app\\api\\logs\\request\\route.js"
2026-03-17T12:36:19.855473Z  INFO tailwindcss_oxide::scanner: Reading "E:\\Academics\\EEvolve\\E_Evolve\\platform\\src\\app\\api\\recyclers\\route.js"
2026-03-17T12:36:19.855505Z  INFO tailwindcss_oxide::scanner: Reading "E:\\Academics\\EEvolve\\E_Evolve\\platform\\prisma\\migrations\\20260314063332_update_schema\\migration.sql"
2026-03-17T12:36:19.855537Z  INFO tailwindcss_oxide::scanner: Reading "E:\\Academics\\EEvolve\\E_Evolve\\platform\\src\\app\\api\\hedera\\status\\route.js"
2026-03-17T12:36:19.855550Z  INFO tailwindcss_oxide::scanner: Reading "E:\\Academics\\EEvolve\\E_Evolve\\platform\\public\\globe.svg"
2026-03-17T12:36:19.855561Z  INFO tailwindcss_oxide::scanner: Reading "E:\\Academics\\EEvolve\\E_Evolve\\platform\\check-db.js"
2026-03-17T12:36:19.855578Z  INFO tailwindcss_oxide::scanner: Reading "E:\\Academics\\EEvolve\\E_Evolve\\platform\\src\\app\\api\\hedera\\hts\\route.js"
2026-03-17T12:36:19.855562Z  INFO tailwindcss_oxide::scanner: Reading "E:\\Academics\\EEvolve\\E_Evolve\\platform\\src\\app\\layout.js"
2026-03-17T12:36:19.855619Z  INFO tailwindcss_oxide::scanner: Reading "E:\\Academics\\EEvolve\\E_Evolve\\platform\\audit-token.js"
2026-03-17T12:36:19.855632Z  INFO tailwindcss_oxide::scanner: Reading "E:\\Academics\\EEvolve\\E_Evolve\\platform\\prisma\\migrations\\migration_lock.toml"
2026-03-17T12:36:19.855673Z  INFO tailwindcss_oxide::scanner: Reading "E:\\Academics\\EEvolve\\E_Evolve\\platform\\src\\lib\\prisma.js"
2026-03-17T12:36:19.855698Z  INFO tailwindcss_oxide::scanner: Reading "E:\\Academics\\EEvolve\\E_Evolve\\platform\\src\\app\\dashboard\\consumer\\page.js"
2026-03-17T12:36:19.855709Z  INFO tailwindcss_oxide::scanner: Reading "E:\\Academics\\EEvolve\\E_Evolve\\platform\\test-output.txt"
2026-03-17T12:36:19.855680Z  INFO tailwindcss_oxide::scanner: Reading "E:\\Academics\\EEvolve\\E_Evolve\\platform\\diagnose_output.txt"
2026-03-17T12:36:19.855347Z  INFO tailwindcss_oxide::scanner: Reading "E:\\Academics\\EEvolve\\E_Evolve\\platform\\package.json"
2026-03-17T12:36:19.855786Z  INFO tailwindcss_oxide::scanner: Reading "E:\\Academics\\EEvolve\\E_Evolve\\platform\\jsconfig.json"
2026-03-17T12:36:19.855696Z  INFO tailwindcss_oxide::scanner: Reading "E:\\Academics\\EEvolve\\E_Evolve\\platform\\eslint.config.mjs"
2026-03-17T12:36:19.855726Z  INFO tailwindcss_oxide::scanner: Reading "E:\\Academics\\EEvolve\\E_Evolve\\platform\\src\\components\\Navigation.js"
2026-03-17T12:36:19.855335Z  INFO tailwindcss_oxide::scanner: Reading "E:\\Academics\\EEvolve\\E_Evolve\\platform\\src\\app\\page.js"
2026-03-17T12:36:19.856003Z  INFO tailwindcss_oxide::scanner: Reading "E:\\Academics\\EEvolve\\E_Evolve\\platform\\associate-token.js"
2026-03-17T12:36:19.856019Z  INFO tailwindcss_oxide::scanner: Reading "E:\\Academics\\EEvolve\\E_Evolve\\platform\\.env"
2026-03-17T12:36:19.856058Z  INFO tailwindcss_oxide::scanner: Reading "E:\\Academics\\EEvolve\\E_Evolve\\platform\\test-hts.js"
2026-03-17T12:36:19.856076Z  INFO tailwindcss_oxide::scanner: Reading "E:\\Academics\\EEvolve\\E_Evolve\\platform\\prisma\\schema.prisma"
2026-03-17T12:36:19.856291Z  INFO tailwindcss_oxide::scanner: Reading "E:\\Academics\\EEvolve\\E_Evolve\\platform\\prisma\\seed.js"
2026-03-17T12:36:19.856312Z  INFO tailwindcss_oxide::scanner: Reading "E:\\Academics\\EEvolve\\E_Evolve\\platform\\log-sync-result.json"
2026-03-17T12:36:19.857405Z  INFO discover_sources: tailwindcss_oxide::scanner: exit
2026-03-17T12:36:19.857439Z  INFO extract_candidates: tailwindcss_oxide::scanner: enter
2026-03-17T12:36:19.857448Z  INFO extract_candidates:parse_all_blobs: tailwindcss_oxide::scanner: enter
2026-03-17T12:36:19.857457Z  INFO extract_candidates:parse_all_blobs:extract: tailwindcss_oxide::scanner: enter
2026-03-17T12:36:19.869923Z  INFO extract_candidates:parse_all_blobs:extract: tailwindcss_oxide::scanner: exit
2026-03-17T12:36:19.870026Z  INFO extract_candidates:parse_all_blobs: tailwindcss_oxide::scanner: exit
2026-03-17T12:36:19.870046Z  INFO extract_candidates:read_all_files: tailwindcss_oxide::scanner: enter
2026-03-17T12:36:19.870053Z  INFO extract_candidates:read_all_files: tailwindcss_oxide::scanner: Reading 1 file(s)
2026-03-17T12:36:19.870414Z  INFO extract_candidates:read_all_files: tailwindcss_oxide::scanner: Reading "E:\\Academics\\EEvolve\\E_Evolve\\platform\\src\\app\\globals.css"
2026-03-17T12:36:19.870450Z  INFO extract_candidates:read_all_files: tailwindcss_oxide::scanner: exit
2026-03-17T12:36:19.870462Z  INFO extract_candidates:extract_css_variables: tailwindcss_oxide::scanner: enter
2026-03-17T12:36:19.870470Z  INFO extract_candidates:extract_css_variables:extract: tailwindcss_oxide::scanner: enter
2026-03-17T12:36:19.870838Z  INFO extract_candidates:extract_css_variables:extract: tailwindcss_oxide::scanner: exit
2026-03-17T12:36:19.870884Z  INFO extract_candidates:extract_css_variables: tailwindcss_oxide::scanner: exit
2026-03-17T12:36:19.871024Z  INFO extract_candidates: tailwindcss_oxide::scanner: exit
2026-03-17T12:36:19.871654Z  INFO get_files: tailwindcss_oxide::scanner: enter
2026-03-17T12:36:19.871684Z  INFO get_files:discover_sources: tailwindcss_oxide::scanner: enter
2026-03-17T12:36:19.871693Z  INFO get_files:discover_sources: tailwindcss_oxide::scanner: exit
2026-03-17T12:36:19.871937Z  INFO get_files: tailwindcss_oxide::scanner: exit
2026-03-17T12:36:19.872368Z  INFO get_globs: tailwindcss_oxide::scanner: enter
2026-03-17T12:36:19.872393Z  INFO get_globs: tailwindcss_oxide::scanner: exit
